{"logLevel":"debug","message":"multithreading is set to false"}
{"logLevel":"debug","message":"Using reflection to scan dependencies for gauge implementations..."}
log4j:WARN No appenders could be found for logger (io.grpc.netty.shaded.io.netty.util.internal.logging.InternalLoggerFactory).
log4j:WARN Please initialize the log4j system properly.
log4j:WARN See http://logging.apache.org/log4j/1.2/faq.html#noconfig for more info.
{"logLevel":"debug","message":"gauge-java took 849milliseconds to load and scan. This should be less than 'runner_connection_timeout' config value."}
{"logLevel":"debug","message":"run 'gauge config runner_connection_timeout' and verify that it is < 849"}
{"logLevel":"debug","message":"starting gRPC server..."}
{"logLevel":"debug","message":"started gRPC server on port 57334"}
{"logLevel":"info","message":"Listening on port:57334"}
{"logLevel":"debug","message":"Scanning packages for steps"}
{"logLevel":"debug","message":"Comparing 'Test.StepImplementation.GeriTiklama' and 'Test.StepImplementation.GeriTiklama'"}
{"logLevel":"debug","message":"Found Geri Tıklama in current project scope."}
{"logLevel":"debug","message":"Comparing 'Test.StepImplementation.Account' and 'Test.StepImplementation.Account'"}
{"logLevel":"debug","message":"Found Hesabıma Tıklama in current project scope."}
{"logLevel":"debug","message":"Comparing 'Test.StepImplementation.KategorileriAc' and 'Test.StepImplementation.KategorileriAc'"}
{"logLevel":"debug","message":"Found Kategorileri aç in current project scope."}
{"logLevel":"debug","message":"Comparing 'Test.StepImplementation.PantolonSec' and 'Test.StepImplementation.PantolonSec'"}
{"logLevel":"debug","message":"Found Pantolon seç in current project scope."}
{"logLevel":"debug","message":"Comparing 'Test.StepImplementation.KadınıSec' and 'Test.StepImplementation.KadınıSec'"}
{"logLevel":"debug","message":"Found Kadın bölümünü seç in current project scope."}
{"logLevel":"debug","message":"Comparing 'Test.StepImplementation.LastPants' and 'Test.StepImplementation.LastPants'"}
{"logLevel":"debug","message":"Found Pantolon Seçme in current project scope."}
{"logLevel":"debug","message":"Comparing 'Test.StepImplementation.AssertShopping' and 'Test.StepImplementation.AssertShopping'"}
{"logLevel":"debug","message":"Found ASSERT Main in current project scope."}
{"logLevel":"debug","message":"Comparing 'Test.StepImplementation.AssertAccount' and 'Test.StepImplementation.AssertAccount'"}
{"logLevel":"debug","message":"Found ASSERT ACCOUNT in current project scope."}
{"logLevel":"debug","message":"Comparing 'Test.StepImplementation.Sleep' and 'Test.StepImplementation.Sleep'"}
{"logLevel":"debug","message":"Found {} saniye kadar bekleme in current project scope."}
{"logLevel":"debug","message":"Comparing 'Test.StepImplementation.Swipe' and 'Test.StepImplementation.Swipe'"}
{"logLevel":"debug","message":"Found Kaydırma in current project scope."}
{"logLevel":"debug","message":"Comparing 'Test.StepImplementation.AlisveriseBasla' and 'Test.StepImplementation.AlisveriseBasla'"}
{"logLevel":"debug","message":"Found Alışverişe başla in current project scope."}
{"logLevel":"debug","message":"Comparing 'Test.StepImplementation.AssertCate' and 'Test.StepImplementation.AssertCate'"}
{"logLevel":"debug","message":"Found ASSERT CATE in current project scope."}
{"logLevel":"debug","message":"Comparing 'Test.StepImplementation.Cart' and 'Test.StepImplementation.Cart'"}
{"logLevel":"debug","message":"Found Sepetime Tıkla in current project scope."}
{"logLevel":"debug","message":"Scanning packages for hooks"}
{"logLevel":"debug","message":"Scanned steps (using static parsing + reflections): "}
{"logLevel":"debug","message":"\tPantolon seç : public void PantolonSec()"}
{"logLevel":"debug","message":"\tKaydırma : public void Swipe() throws InterruptedException"}
{"logLevel":"debug","message":"\t{} saniye kadar bekleme : public void Sleep(ınt x) throws InterruptedException"}
{"logLevel":"debug","message":"\tHesabıma Tıklama : public void Account()"}
{"logLevel":"debug","message":"\tASSERT Main : public void AssertShopping()"}
{"logLevel":"debug","message":"\tGeri Tıklama : public void GeriTiklama()"}
{"logLevel":"debug","message":"\tPantolon Seçme : public void LastPants()"}
{"logLevel":"debug","message":"\tASSERT CATE : public void AssertCate()"}
{"logLevel":"debug","message":"\tASSERT ACCOUNT : public void AssertAccount()"}
{"logLevel":"debug","message":"\tSepetime Tıkla : public void Cart()"}
{"logLevel":"debug","message":"\tKategorileri aç : public void KategorileriAc()"}
{"logLevel":"debug","message":"\tAlışverişe başla : public void AlisveriseBasla()"}
{"logLevel":"debug","message":"\tKadın bölümünü seç : public void KadınıSec()"}
!!!!!!!!!!!!!!!!!!!!!!!!!!!Test basliyor!!!!!!!!!!!!!!!!!!!!!!!!!!!!!
!!!!!!!!!!!!!!!!!!!!!!!!!!!!!!!!!!!!
Tem 25, 2021 1:56:48 PM io.appium.java_client.remote.AppiumCommandExecutor$1 lambda$0
INFO: Detected dialect: W3C
{"logLevel":"debug","message":"Executing 'Alışverişe başla' using 'class Test.StepImplementation.AlisveriseBasla"}
{"logLevel":"debug","message":"Executing '{} saniye kadar bekleme' using 'class Test.StepImplementation.Sleep"}
{"logLevel":"debug","message":"Executing 'ASSERT Main' using 'class Test.StepImplementation.AssertShopping"}
Mağaza
{"logLevel":"debug","message":"Executing '{} saniye kadar bekleme' using 'class Test.StepImplementation.Sleep"}
{"logLevel":"debug","message":"Executing 'Kategorileri aç' using 'class Test.StepImplementation.KategorileriAc"}
{"logLevel":"debug","message":"Executing '{} saniye kadar bekleme' using 'class Test.StepImplementation.Sleep"}
{"logLevel":"debug","message":"Executing 'ASSERT CATE' using 'class Test.StepImplementation.AssertCate"}
Ev Tekstili
{"logLevel":"debug","message":"Executing 'Kadın bölümünü seç' using 'class Test.StepImplementation.KadınıSec"}
{"logLevel":"debug","message":"Executing 'Pantolon seç' using 'class Test.StepImplementation.PantolonSec"}
{"logLevel":"debug","message":"Executing '{} saniye kadar bekleme' using 'class Test.StepImplementation.Sleep"}
{"logLevel":"debug","message":"Executing 'Kaydırma' using 'class Test.StepImplementation.Swipe"}
{"logLevel":"debug","message":"Executing 'Pantolon Seçme' using 'class Test.StepImplementation.LastPants"}
{"logLevel":"debug","message":"Executing '{} saniye kadar bekleme' using 'class Test.StepImplementation.Sleep"}
{"logLevel":"debug","message":"Executing 'ASSERT ACCOUNT' using 'class Test.StepImplementation.AssertAccount"}
Giriş Yap
{"logLevel":"debug","message":"Executing 'Geri Tıklama' using 'class Test.StepImplementation.GeriTiklama"}
{"logLevel":"debug","message":"Executing 'Hesabıma Tıklama' using 'class Test.StepImplementation.Account"}
{"logLevel":"debug","message":"Executing 'Geri Tıklama' using 'class Test.StepImplementation.GeriTiklama"}
{"logLevel":"debug","message":"Executing 'Sepetime Tıkla' using 'class Test.StepImplementation.Cart"}
{"logLevel":"debug","message":"Killing Java runner..."}
{"logLevel":"debug","message":"Stopping execution pool..."}
{"logLevel":"debug","message":"Shutting down grpc server..."}
{"logLevel":"debug","message":"Runner killed gracefully."}
